2025-11-02T22:10:48.900753500 - Consulta de performance general ejecutada.
2025-11-02T22:14:44.241692500 - Consulta de performance general ejecutada.
2025-11-02T22:15:34.184335100 - Consulta de performance general ejecutada.
2025-11-02T22:23:28.439530900 - Consulta de performance general ejecutada.
2025-11-02T23:21:18.805864100 - Consulta de performance general ejecutada.
2025-11-02T23:46:31.814610100 - Consulta de performance general ejecutada.
2025-11-02T23:49:06.486437700 - Consulta de performance general ejecutada.
2025-11-02T23:49:22.575030600 - Consulta de performance general ejecutada.
2025-11-02T23:49:23.733943100 - Consulta de performance general ejecutada.
2025-11-02T23:49:25.606301800 - Consulta de performance general ejecutada.
2025-11-02T23:49:26.687923 - Consulta de performance general ejecutada.
2025-11-02T23:51:08.457556100 - Consulta de performance general ejecutada.
2025-11-02T23:51:51.813642300 - Consulta de performance general ejecutada.
2025-11-02T23:51:52.870875200 - Consulta de performance general ejecutada.
2025-11-02T23:51:59.275101500 - Consulta de performance general ejecutada.
2025-11-02T23:52:03.927843200 - Consulta de performance general ejecutada.
2025-11-02T23:52:08.825817800 - Consulta de performance general ejecutada.
2025-11-02T23:58:47.576644300 - Consulta de performance general ejecutada.
2025-11-03T10:30:31.072104700 - Consulta de performance general ejecutada.
2025-11-03T10:33:31.216301500 - Consulta de performance general ejecutada.
2025-11-03T10:37:52.369662800 - Consulta de performance general ejecutada.
2025-11-03T10:38:00.048034700 - Consulta de performance general ejecutada.
2025-11-03T10:38:00.665124500 - Consulta de performance general ejecutada.
2025-11-03T10:38:01.012701400 - Consulta de performance general ejecutada.
2025-11-03T10:38:01.168286500 - Consulta de performance general ejecutada.
2025-11-03T10:38:01.338768500 - Consulta de performance general ejecutada.
2025-11-03T10:38:01.478998200 - Consulta de performance general ejecutada.
2025-11-03T10:38:01.920671100 - Consulta de performance general ejecutada.
2025-11-03T10:40:47.487826400 - Consulta de performance general ejecutada.
2025-11-03T11:47:06.978026500 - Consulta de performance general ejecutada.
2025-11-03T11:56:45.586754200 - Analizado plan de ejecución para: CREATE TABLE EMPLEADOS (
  ID NUMBER GENERATED ALWAYS AS IDENTITY PRIMARY KEY,
  NOMBRE VARCHAR2(50),
  DEPARTAMENTO_ID NUMBER,
  SALARIO NUMBER
)
2025-11-03T12:01:36.562866300 - EXPLAIN PLAN ejecutado para: CREATE TABLE EMPLEADOS (
  ID NUMBER GENERATED ALWAYS AS IDENTITY PRIMARY KEY,
  NOMBRE VARCHAR2(50),
  DEPARTAMENTO_ID NUMBER,
  SALARIO NUMBER
)
2025-11-03T12:04:27.469724500 - Consulta de performance general ejecutada.
2025-11-03T12:50:05.060574700 - Consulta de performance general ejecutada.
2025-11-03T13:15:40.292913800 - EXPLAIN PLAN ejecutado para: SELECT * FROM HR.EMPLOYEES WHERE SALARY > 10000
2025-11-03T13:17:12.290134800 - Índice creado: CREATE INDEX IDX_SALARY ON HR.EMPLOYEES(SALARY)
2025-11-03T13:18:37.682814600 - EXPLAIN PLAN ejecutado para: SELECT * FROM HR.EMPLOYEES WHERE SALARY > 10000
2025-11-03T13:18:39.304219600 - EXPLAIN PLAN ejecutado para: SELECT * FROM HR.EMPLOYEES WHERE SALARY > 10000
2025-11-03T13:18:40.066343100 - EXPLAIN PLAN ejecutado para: SELECT * FROM HR.EMPLOYEES WHERE SALARY > 10000
2025-11-03T13:18:40.218278900 - EXPLAIN PLAN ejecutado para: SELECT * FROM HR.EMPLOYEES WHERE SALARY > 10000
2025-11-03T13:18:40.378680900 - EXPLAIN PLAN ejecutado para: SELECT * FROM HR.EMPLOYEES WHERE SALARY > 10000
2025-11-03T13:18:40.555440700 - EXPLAIN PLAN ejecutado para: SELECT * FROM HR.EMPLOYEES WHERE SALARY > 10000
2025-11-03T13:18:40.704383400 - EXPLAIN PLAN ejecutado para: SELECT * FROM HR.EMPLOYEES WHERE SALARY > 10000
2025-11-03T13:19:16.931457300 - EXPLAIN PLAN ejecutado para: SELECT * FROM HR.EMPLOYEES WHERE SALARY > 10000
2025-11-03T13:20:49.618739300 - Estadísticas actualizadas: HR.EMPLOYEES
2025-11-03T13:20:52.887295500 - EXPLAIN PLAN ejecutado para: SELECT * FROM HR.EMPLOYEES WHERE SALARY > 10000
2025-11-03T13:20:53.932978400 - EXPLAIN PLAN ejecutado para: SELECT * FROM HR.EMPLOYEES WHERE SALARY > 10000
2025-11-03T13:20:57.602910100 - Estadísticas actualizadas: HR.EMPLOYEES
2025-11-03T13:22:06.755620800 - EXPLAIN PLAN ejecutado para: SELECT * FROM HR.EMPLOYEES WHERE SALARY > 10000
2025-11-03T13:22:07.777124800 - EXPLAIN PLAN ejecutado para: SELECT * FROM HR.EMPLOYEES WHERE SALARY > 10000
2025-11-03T13:22:07.921529700 - EXPLAIN PLAN ejecutado para: SELECT * FROM HR.EMPLOYEES WHERE SALARY > 10000
2025-11-03T13:25:32.597321200 - EXPLAIN PLAN ejecutado para: SELECT * FROM HR.EMPLOYEES WHERE SALARY > 10000
2025-11-03T13:26:55.893020100 - EXPLAIN PLAN ejecutado para: SELECT EMPLOYEE_ID, FIRST_NAME, SALARY
FROM HR.EMPLOYEES
WHERE SALARY > 20000
2025-11-03T13:26:57.939892100 - EXPLAIN PLAN ejecutado para: SELECT EMPLOYEE_ID, FIRST_NAME, SALARY
FROM HR.EMPLOYEES
WHERE SALARY > 20000
2025-11-03T13:27:06.022668200 - EXPLAIN PLAN ejecutado para: SELECT EMPLOYEE_ID, FIRST_NAME, SALARY
FROM HR.EMPLOYEES
WHERE SALARY > 20000
2025-11-03T13:28:59.509841300 - EXPLAIN PLAN ejecutado para: SELECT EMPLOYEE_ID, FIRST_NAME, SALARY
FROM HR.EMPLOYEES
WHERE SALARY > 3000
2025-11-03T13:29:01.033235100 - EXPLAIN PLAN ejecutado para: SELECT EMPLOYEE_ID, FIRST_NAME, SALARY
FROM HR.EMPLOYEES
WHERE SALARY > 3000
2025-11-03T13:29:01.180488100 - EXPLAIN PLAN ejecutado para: SELECT EMPLOYEE_ID, FIRST_NAME, SALARY
FROM HR.EMPLOYEES
WHERE SALARY > 3000
2025-11-03T13:29:01.336222800 - EXPLAIN PLAN ejecutado para: SELECT EMPLOYEE_ID, FIRST_NAME, SALARY
FROM HR.EMPLOYEES
WHERE SALARY > 3000
2025-11-03T13:29:01.496967700 - EXPLAIN PLAN ejecutado para: SELECT EMPLOYEE_ID, FIRST_NAME, SALARY
FROM HR.EMPLOYEES
WHERE SALARY > 3000
2025-11-03T13:29:01.656785100 - EXPLAIN PLAN ejecutado para: SELECT EMPLOYEE_ID, FIRST_NAME, SALARY
FROM HR.EMPLOYEES
WHERE SALARY > 3000
2025-11-03T13:29:01.800508400 - EXPLAIN PLAN ejecutado para: SELECT EMPLOYEE_ID, FIRST_NAME, SALARY
FROM HR.EMPLOYEES
WHERE SALARY > 3000
2025-11-03T13:29:01.944195400 - EXPLAIN PLAN ejecutado para: SELECT EMPLOYEE_ID, FIRST_NAME, SALARY
FROM HR.EMPLOYEES
WHERE SALARY > 3000
2025-11-03T13:29:03.412824100 - EXPLAIN PLAN ejecutado para: SELECT EMPLOYEE_ID, FIRST_NAME, SALARY
FROM HR.EMPLOYEES
WHERE SALARY > 3000
2025-11-03T13:29:03.562791400 - EXPLAIN PLAN ejecutado para: SELECT EMPLOYEE_ID, FIRST_NAME, SALARY
FROM HR.EMPLOYEES
WHERE SALARY > 3000
2025-11-03T13:29:03.714587600 - EXPLAIN PLAN ejecutado para: SELECT EMPLOYEE_ID, FIRST_NAME, SALARY
FROM HR.EMPLOYEES
WHERE SALARY > 3000
2025-11-03T13:29:03.881500800 - EXPLAIN PLAN ejecutado para: SELECT EMPLOYEE_ID, FIRST_NAME, SALARY
FROM HR.EMPLOYEES
WHERE SALARY > 3000
2025-11-03T13:29:04.049538200 - EXPLAIN PLAN ejecutado para: SELECT EMPLOYEE_ID, FIRST_NAME, SALARY
FROM HR.EMPLOYEES
WHERE SALARY > 3000
2025-11-03T13:29:04.207415400 - EXPLAIN PLAN ejecutado para: SELECT EMPLOYEE_ID, FIRST_NAME, SALARY
FROM HR.EMPLOYEES
WHERE SALARY > 3000
2025-11-03T13:29:04.380836700 - EXPLAIN PLAN ejecutado para: SELECT EMPLOYEE_ID, FIRST_NAME, SALARY
FROM HR.EMPLOYEES
WHERE SALARY > 3000
2025-11-03T13:29:04.534936 - EXPLAIN PLAN ejecutado para: SELECT EMPLOYEE_ID, FIRST_NAME, SALARY
FROM HR.EMPLOYEES
WHERE SALARY > 3000
2025-11-03T13:29:21.901538 - EXPLAIN PLAN ejecutado para: SELECT EMPLOYEE_ID, FIRST_NAME, SALARY
FROM HR.EMPLOYEES
WHERE SALARY > 9000
2025-11-03T13:29:23.186342200 - EXPLAIN PLAN ejecutado para: SELECT EMPLOYEE_ID, FIRST_NAME, SALARY
FROM HR.EMPLOYEES
WHERE SALARY > 9000
2025-11-03T13:29:23.334575400 - EXPLAIN PLAN ejecutado para: SELECT EMPLOYEE_ID, FIRST_NAME, SALARY
FROM HR.EMPLOYEES
WHERE SALARY > 9000
2025-11-03T13:29:23.470787200 - EXPLAIN PLAN ejecutado para: SELECT EMPLOYEE_ID, FIRST_NAME, SALARY
FROM HR.EMPLOYEES
WHERE SALARY > 9000
2025-11-03T13:31:06.777541600 - EXPLAIN PLAN ejecutado para: SELECT * FROM HR.EMPLOYEES WHERE SALARY > 2000
2025-11-03T13:31:27.756679700 - EXPLAIN PLAN ejecutado para: SELECT * FROM HR.EMPLOYEES WHERE SALARY > 2000
2025-11-03T13:31:28.552972500 - EXPLAIN PLAN ejecutado para: SELECT * FROM HR.EMPLOYEES WHERE SALARY > 2000
2025-11-03T13:31:28.784251700 - EXPLAIN PLAN ejecutado para: SELECT * FROM HR.EMPLOYEES WHERE SALARY > 2000
2025-11-03T13:31:28.963249300 - EXPLAIN PLAN ejecutado para: SELECT * FROM HR.EMPLOYEES WHERE SALARY > 2000
2025-11-03T13:31:29.146641900 - EXPLAIN PLAN ejecutado para: SELECT * FROM HR.EMPLOYEES WHERE SALARY > 2000
2025-11-03T13:31:29.293307700 - EXPLAIN PLAN ejecutado para: SELECT * FROM HR.EMPLOYEES WHERE SALARY > 2000
2025-11-03T13:32:04.196344200 - EXPLAIN PLAN ejecutado para: SELECT EMPLOYEE_ID, FIRST_NAME, SALARY
FROM HR.EMPLOYEES
WHERE SALARY > 20000
2025-11-03T13:32:05.004950200 - EXPLAIN PLAN ejecutado para: SELECT EMPLOYEE_ID, FIRST_NAME, SALARY
FROM HR.EMPLOYEES
WHERE SALARY > 20000
2025-11-03T13:32:05.154625700 - EXPLAIN PLAN ejecutado para: SELECT EMPLOYEE_ID, FIRST_NAME, SALARY
FROM HR.EMPLOYEES
WHERE SALARY > 20000
2025-11-03T13:37:27.938121100 - EXPLAIN PLAN ejecutado para: SELECT EMPLOYEE_ID, FIRST_NAME, SALARY
FROM HR.EMPLOYEES
WHERE SALARY > 23000
