;;; 
Export: Release 21.0.0.0.0 - Production on Sáb Nov 1 18:00:52 2025
Version 21.3.0.0.0

Copyright (c) 1982, 2021, Oracle and/or its affiliates.  All rights reserved.
;;; 
Conectado a: Oracle Database 21c Express Edition Release 21.0.0.0.0 - Production
Iniciando "MIADMIN"."SYS_EXPORT_SCHEMA_01":  miadmin/********@localhost:1521/XEPDB1 schemas=PRUEBA directory=BACKUP_DIR dumpfile=backup_schema_PRUEBA_2025-11-01_18-00-52.dmp logfile=backup_schema_PRUEBA_2025-11-01_18-00-52.log 
Procesando el tipo de objeto SCHEMA_EXPORT/TABLE/TABLE_DATA
Procesando el tipo de objeto SCHEMA_EXPORT/TABLE/INDEX/STATISTICS/INDEX_STATISTICS
Procesando el tipo de objeto SCHEMA_EXPORT/TABLE/STATISTICS/TABLE_STATISTICS
Procesando el tipo de objeto SCHEMA_EXPORT/USER
Procesando el tipo de objeto SCHEMA_EXPORT/SYSTEM_GRANT
Procesando el tipo de objeto SCHEMA_EXPORT/DEFAULT_ROLE
Procesando el tipo de objeto SCHEMA_EXPORT/TABLESPACE_QUOTA
Procesando el tipo de objeto SCHEMA_EXPORT/PRE_SCHEMA/PROCACT_SCHEMA
Procesando el tipo de objeto SCHEMA_EXPORT/TABLE/TABLE
Procesando el tipo de objeto SCHEMA_EXPORT/TABLE/CONSTRAINT/CONSTRAINT
. . "PRUEBA"."TABLA_PRUEBA"                         0 KB       0 filas exportadas
. . "PRUEBA"."TABLA_PRUEBA2"                        0 KB       0 filas exportadas
La tabla maestra "MIADMIN"."SYS_EXPORT_SCHEMA_01" se ha cargado/descargado correctamente
******************************************************************************
El juego de archivos de volcado para MIADMIN.SYS_EXPORT_SCHEMA_01 es:
  C:\TERCER CICLO\CICLO 2\BASE DE DATOS\PROYECTO BD\RESOURCES\BACKUPS\BACKUP_SCHEMA_PRUEBA_2025-11-01_18-00-52.DMP
El trabajo "MIADMIN"."SYS_EXPORT_SCHEMA_01" ha terminado correctamente en Sáb Nov 1 18:01:11 2025 elapsed 0 00:00:16
